<?xml version="1.0" encoding="UTF-8" standalone="yes"?>
<!DOCTYPE report PUBLIC "-//JACOCO//DTD Report 1.0//EN" "report.dtd">
<report name="hunter-deploy">
	<sessioninfo id="sessionid" start="1449002185737" dump="1449002243133"/>

<package name="com/freiheit/">
	<class name="com/freiheit/MyClass1">
		<method name="&lt;init&gt;" desc="()V" line="37">
			<counter type="LINE" missed="10" covered="0"/>
		</method>
	</class>
</package>

<package name="com/freiheit/foo/">
	<class name="com/freiheit/foo/Bar">
		<method name="&lt;init&gt;" desc="()V" line="37">
			<counter type="LINE" missed="3" covered="7"/>
		</method>
    <method name="bar" desc="()" line="85">
			<counter type="LINE" missed="87" covered="3"/>
		</method>
	</class>
</package>

<package name="com/">
	<class name="com/Bar2">
		<method name="foo" desc="()" line="37">
			<counter type="LINE" missed="0" covered="42"/>
		</method>
    <method name="bar" desc="()" line="85">
			<counter type="LINE" missed="0" covered="58"/>
		</method>
    <method name="baz" desc="()" line="85">
      <counter type="LINE" missed="0" covered="33"/>
    </method>
    <method name="bazinga" desc="()" line="85">
      <counter type="LINE" missed="0" covered="67"/>
    </method>
	</class>
</package>

</report>
